0 info it worked if it ends with ok
1 verbose cli [ '/usr/bin/nodejs', '/usr/local/bin/npm', 'run', 'server:dev' ]
2 info using npm@3.9.5
3 info using node@v4.2.6
4 verbose run-script [ 'preserver:dev', 'server:dev', 'postserver:dev' ]
5 info lifecycle angular2-webpack-starter@5.0.5~preserver:dev: angular2-webpack-starter@5.0.5
6 silly lifecycle angular2-webpack-starter@5.0.5~preserver:dev: no script for preserver:dev, continuing
7 info lifecycle angular2-webpack-starter@5.0.5~server:dev: angular2-webpack-starter@5.0.5
8 verbose lifecycle angular2-webpack-starter@5.0.5~server:dev: unsafe-perm in lifecycle true
9 verbose lifecycle angular2-webpack-starter@5.0.5~server:dev: PATH: /usr/local/lib/node_modules/npm/bin/node-gyp-bin:/home/pawwik/dev/darkroom_go/frontend/node_modules/.bin:/usr/bin:/home/pawwik/dev/gocode/bin/:/usr/local/sbin:/usr/local/bin:/usr/sbin:/usr/bin:/sbin:/bin:/usr/games:/usr/local/games:/snap/bin
10 verbose lifecycle angular2-webpack-starter@5.0.5~server:dev: CWD: /home/pawwik/dev/darkroom_go/frontend
11 silly lifecycle angular2-webpack-starter@5.0.5~server:dev: Args: [ '-c',
11 silly lifecycle   'webpack-dev-server --config config/webpack.dev.js --progress --profile --watch --content-base src/' ]
12 silly lifecycle angular2-webpack-starter@5.0.5~server:dev: Returned: code: 1  signal: null
13 info lifecycle angular2-webpack-starter@5.0.5~server:dev: Failed to exec server:dev script
14 verbose stack Error: angular2-webpack-starter@5.0.5 server:dev: `webpack-dev-server --config config/webpack.dev.js --progress --profile --watch --content-base src/`
14 verbose stack Exit status 1
14 verbose stack     at EventEmitter.<anonymous> (/usr/local/lib/node_modules/npm/lib/utils/lifecycle.js:245:16)
14 verbose stack     at emitTwo (events.js:87:13)
14 verbose stack     at EventEmitter.emit (events.js:172:7)
14 verbose stack     at ChildProcess.<anonymous> (/usr/local/lib/node_modules/npm/lib/utils/spawn.js:24:14)
14 verbose stack     at emitTwo (events.js:87:13)
14 verbose stack     at ChildProcess.emit (events.js:172:7)
14 verbose stack     at maybeClose (internal/child_process.js:821:16)
14 verbose stack     at Process.ChildProcess._handle.onexit (internal/child_process.js:211:5)
15 verbose pkgid angular2-webpack-starter@5.0.5
16 verbose cwd /home/pawwik/dev/darkroom_go/frontend
17 error Linux 4.4.0-43-generic
18 error argv "/usr/bin/nodejs" "/usr/local/bin/npm" "run" "server:dev"
19 error node v4.2.6
20 error npm  v3.9.5
21 error code ELIFECYCLE
22 error angular2-webpack-starter@5.0.5 server:dev: `webpack-dev-server --config config/webpack.dev.js --progress --profile --watch --content-base src/`
22 error Exit status 1
23 error Failed at the angular2-webpack-starter@5.0.5 server:dev script 'webpack-dev-server --config config/webpack.dev.js --progress --profile --watch --content-base src/'.
23 error Make sure you have the latest version of node.js and npm installed.
23 error If you do, this is most likely a problem with the angular2-webpack-starter package,
23 error not with npm itself.
23 error Tell the author that this fails on your system:
23 error     webpack-dev-server --config config/webpack.dev.js --progress --profile --watch --content-base src/
23 error You can get information on how to open an issue for this project with:
23 error     npm bugs angular2-webpack-starter
23 error Or if that isn't available, you can get their info via:
23 error     npm owner ls angular2-webpack-starter
23 error There is likely additional logging output above.
24 verbose exit [ 1, true ]
